<?xml version="1.0" encoding="UTF-8"?>
<!-- Generated by org.testng.reporters.JUnitXMLReporter -->
<testsuite hostname="DESKTOP-3GNVT0U" ignored="0" name="Default test" tests="3" failures="0" timestamp="07 Apr 2021 11:22:31 GMT" time="1885.072" errors="0">
  <testcase name="Billing" time="230.849" classname="com.qa.testcases.SubscriptionManagement"/>
  <testcase name="Subscription" time="1288.906" classname="com.qa.testcases.SubscriptionManagement"/>
  <testcase name="cancel" time="316.948" classname="com.qa.testcases.SubscriptionManagement"/>
</testsuite> <!-- Default test -->
